[10May2026 22:50:17.139] [Test worker/INFO] [cpw.mods.modlauncher.Launcher/MODLAUNCHER]: ModLauncher running: args [--launchTarget, forgejunitdev, --version, 21.1.228, --assetIndex, 17, --assetsDir, /home/headadmin/.gradle/caches/neoformruntime/assets, --gameDir, ., --fml.fmlVersion, 4.0.42, --fml.mcVersion, 1.21.1, --fml.neoForgeVersion, 21.1.228, --fml.neoFormVersion, 20240808.144430]
[10May2026 22:50:17.140] [Test worker/INFO] [cpw.mods.modlauncher.Launcher/MODLAUNCHER]: JVM identified as Oracle Corporation OpenJDK 64-Bit Server VM 21.0.2+13-58
[10May2026 22:50:17.141] [Test worker/INFO] [cpw.mods.modlauncher.Launcher/MODLAUNCHER]: ModLauncher 11.0.5+main.901c6ea8 starting: java version 21.0.2 by Oracle Corporation; OS Linux arch amd64 version 6.12.74+deb13+1-amd64
[10May2026 22:50:17.185] [Test worker/INFO] [net.neoforged.fml.loading.ImmediateWindowHandler/]: ImmediateWindowProvider not loading because launch target is forgejunitdev
[10May2026 22:50:17.202] [Test worker/INFO] [mixin/]: SpongePowered MIXIN Subsystem Version=0.8.7 Source=union:/home/headadmin/.gradle/caches/modules-2/files-2.1/net.fabricmc/sponge-mixin/0.15.2+mixin.0.8.7/2af2f021d8e02a0220dc27a7a72b4666d66d44ca/sponge-mixin-0.15.2+mixin.0.8.7.jar%23126!/ Service=ModLauncher Env=SERVER
[10May2026 22:50:17.335] [Test worker/INFO] [net.neoforged.fml.loading.moddiscovery.locators.JarInJarDependencyLocator/]: Found 2 dependencies adding them to mods collection
[10May2026 22:50:17.336] [Test worker/INFO] [net.neoforged.fml.loading.moddiscovery.ModDiscoverer/]: 
     Mod List:
		Name Version (Mod Id)

		Just Enough Items 19.27.0.340 (jei)
		Minecraft 1.21.1 (minecraft)
		Necromancy 2.0.0 (necromancy)
		NeoForge 21.1.228 (neoforge)
		Patchouli 1.21.1-93-NEOFORGE (patchouli)
[10May2026 22:50:17.624] [Test worker/INFO] [mixin/]: Compatibility level set to JAVA_21
[10May2026 22:50:17.627] [Test worker/INFO] [cpw.mods.modlauncher.LaunchServiceHandler/MODLAUNCHER]: Launching target 'forgejunitdev' with arguments [--version, 21.1.228, --gameDir, ., --assetsDir, /home/headadmin/.gradle/caches/neoformruntime/assets, --assetIndex, 17]
[10May2026 22:50:17.647] [Test worker/WARN] [mixin/]: Reference map 'patchouli.refmap.json' for patchouli_xplat.mixins.json could not be read. If this is a development environment you can ignore this message
[10May2026 22:50:17.820] [Test worker/INFO] [MixinExtras|Service/]: Initializing MixinExtras via com.llamalad7.mixinextras.service.MixinExtrasServiceImpl(version=0.5.3).
[10May2026 22:50:20.201] [modloading-worker-0/INFO] [Necromancy/]: Necromancy port for 1.21.1 initialising
[10May2026 22:50:20.207] [modloading-worker-0/INFO] [net.neoforged.neoforge.common.NeoForgeMod/NEOFORGE-MOD]: NeoForge mod loading, version 21.1.228, for MC 1.21.1
[10May2026 22:50:20.224] [modloading-worker-0/INFO] [Necromancy/]: Necromancy port wired
