[11May2026 00:06:19.604] [main/INFO] [cpw.mods.modlauncher.Launcher/MODLAUNCHER]: ModLauncher running: args [--launchTarget, forgeclientdev, --version, 21.1.228, --assetIndex, 17, --assetsDir, /home/headadmin/.gradle/caches/neoformruntime/assets, --gameDir, ., --fml.fmlVersion, 4.0.42, --fml.mcVersion, 1.21.1, --fml.neoForgeVersion, 21.1.228, --fml.neoFormVersion, 20240808.144430, --username, NecromancyDev]
[11May2026 00:06:19.605] [main/INFO] [cpw.mods.modlauncher.Launcher/MODLAUNCHER]: JVM identified as Oracle Corporation OpenJDK 64-Bit Server VM 21.0.2+13-58
[11May2026 00:06:19.606] [main/INFO] [cpw.mods.modlauncher.Launcher/MODLAUNCHER]: ModLauncher 11.0.5+main.901c6ea8 starting: java version 21.0.2 by Oracle Corporation; OS Linux arch amd64 version 6.12.74+deb13+1-amd64
[11May2026 00:06:19.655] [main/INFO] [net.neoforged.fml.loading.ImmediateWindowHandler/]: Loading ImmediateWindowProvider fmlearlywindow
[11May2026 00:06:19.708] [main/INFO] [EARLYDISPLAY/]: Trying GL version 4.6
[11May2026 00:06:19.785] [main/INFO] [EARLYDISPLAY/]: Requested GL version 4.6 got version 4.6
[11May2026 00:06:19.831] [main/INFO] [mixin/]: SpongePowered MIXIN Subsystem Version=0.8.7 Source=union:/home/headadmin/.gradle/caches/modules-2/files-2.1/net.fabricmc/sponge-mixin/0.15.2+mixin.0.8.7/2af2f021d8e02a0220dc27a7a72b4666d66d44ca/sponge-mixin-0.15.2+mixin.0.8.7.jar%23126!/ Service=ModLauncher Env=CLIENT
[11May2026 00:06:19.894] [pool-2-thread-1/INFO] [EARLYDISPLAY/]: GL info: AMD Radeon Graphics (radeonsi, gfx1200, ACO, DRM 3.61, 6.12.74+deb13+1-amd64) GL version 4.6 (Core Profile) Mesa 25.0.7-2, AMD
[11May2026 00:06:19.972] [main/INFO] [net.neoforged.fml.loading.moddiscovery.locators.JarInJarDependencyLocator/]: Found 2 dependencies adding them to mods collection
[11May2026 00:06:19.973] [main/INFO] [net.neoforged.fml.loading.moddiscovery.ModDiscoverer/]: 
     Mod List:
		Name Version (Mod Id)

		Just Enough Items 19.27.0.340 (jei)
		Minecraft 1.21.1 (minecraft)
		Necromancy 2.0.0 (necromancy)
		NeoForge 21.1.228 (neoforge)
		Patchouli 1.21.1-93-NEOFORGE (patchouli)
[11May2026 00:06:20.276] [main/INFO] [mixin/]: Compatibility level set to JAVA_21
[11May2026 00:06:20.284] [main/INFO] [cpw.mods.modlauncher.LaunchServiceHandler/MODLAUNCHER]: Launching target 'forgeclientdev' with arguments [--version, 21.1.228, --gameDir, ., --assetsDir, /home/headadmin/.gradle/caches/neoformruntime/assets, --assetIndex, 17, --username, NecromancyDev]
[11May2026 00:06:20.310] [main/WARN] [mixin/]: Reference map 'patchouli.refmap.json' for patchouli_xplat.mixins.json could not be read. If this is a development environment you can ignore this message
[11May2026 00:06:20.833] [main/INFO] [MixinExtras|Service/]: Initializing MixinExtras via com.llamalad7.mixinextras.service.MixinExtrasServiceImpl(version=0.5.3).
[11May2026 00:06:20.936] [Datafixer Bootstrap/INFO] [com.mojang.datafixers.DataFixerBuilder/]: 229 Datafixer optimizations took 115 milliseconds
[11May2026 00:06:23.423] [main/WARN] [net.minecraft.commands.Commands/]: Ambiguity between arguments [teleport, location] and [teleport, destination] with inputs: [0.1 -0.5 .9, 0 0 0]
[11May2026 00:06:23.424] [main/WARN] [net.minecraft.commands.Commands/]: Ambiguity between arguments [teleport, location] and [teleport, targets] with inputs: [0.1 -0.5 .9, 0 0 0]
[11May2026 00:06:23.425] [main/WARN] [net.minecraft.commands.Commands/]: Ambiguity between arguments [teleport, destination] and [teleport, targets] with inputs: [Player, 0123, @e, dd12be42-52a9-4a91-a8a1-11c01849e498]
[11May2026 00:06:23.425] [main/WARN] [net.minecraft.commands.Commands/]: Ambiguity between arguments [teleport, targets] and [teleport, destination] with inputs: [Player, 0123, dd12be42-52a9-4a91-a8a1-11c01849e498]
[11May2026 00:06:23.426] [main/WARN] [net.minecraft.commands.Commands/]: Ambiguity between arguments [teleport, targets, location] and [teleport, targets, destination] with inputs: [0.1 -0.5 .9, 0 0 0]
[11May2026 00:06:23.469] [Render thread/WARN] [net.minecraft.server.packs.VanillaPackResourcesBuilder/]: Assets URL 'union:/home/headadmin/Documents/necromancy/modern/build/moddev/artifacts/neoforge-21.1.228.jar%23177!/assets/.mcassetsroot' uses unexpected schema
[11May2026 00:06:23.469] [Render thread/WARN] [net.minecraft.server.packs.VanillaPackResourcesBuilder/]: Assets URL 'union:/home/headadmin/Documents/necromancy/modern/build/moddev/artifacts/neoforge-21.1.228.jar%23177!/data/.mcassetsroot' uses unexpected schema
[11May2026 00:06:23.480] [Render thread/INFO] [com.mojang.authlib.yggdrasil.YggdrasilAuthenticationService/]: Environment: Environment[sessionHost=https://sessionserver.mojang.com, servicesHost=https://api.minecraftservices.com, name=PROD]
[11May2026 00:06:23.484] [Render thread/INFO] [net.minecraft.client.Minecraft/]: Setting user: NecromancyDev
[11May2026 00:06:23.528] [Render thread/INFO] [net.minecraft.client.Minecraft/]: Backend library: LWJGL version 3.3.3+5
[11May2026 00:06:23.810] [modloading-worker-0/INFO] [Necromancy/]: Necromancy port for 1.21.1 initialising
[11May2026 00:06:23.816] [modloading-worker-0/INFO] [net.neoforged.neoforge.common.NeoForgeMod/NEOFORGE-MOD]: NeoForge mod loading, version 21.1.228, for MC 1.21.1
[11May2026 00:06:23.821] [modloading-worker-0/WARN] [patchouli/]: Could not locate JEI keybindings, lookups in books may not work
[11May2026 00:06:23.834] [modloading-worker-0/INFO] [Necromancy/]: Necromancy port wired
[11May2026 00:06:23.844] [modloading-worker-0/INFO] [mezz.jei.library.load.PluginCaller/]: Sending ConfigManager...
[11May2026 00:06:23.845] [modloading-worker-0/INFO] [mezz.jei.library.load.PluginCaller/]: Sending ConfigManager took 660.0 microseconds
[11May2026 00:06:24.157] [Render thread/INFO] [net.neoforged.neoforge.gametest.GameTestHooks/]: Enabled Gametest Namespaces: [necromancy]
[11May2026 00:06:24.314] [Render thread/INFO] [net.minecraft.server.packs.resources.ReloadableResourceManager/]: Reloading ResourceManager: vanilla, mod_resources, mod/necromancy, mod/patchouli, mod/neoforge, mod/jei
[11May2026 00:06:24.369] [Worker-Main-13/INFO] [net.minecraft.client.gui.font.providers.UnihexProvider/]: Found unifont_all_no_pua-15.1.05.hex, loading
[11May2026 00:06:24.407] [Worker-Main-2/ERROR] [net.minecraft.Util/]: Invalid path in pack: necromancy:shaders/scent/scentVertex.shader, ignoring
[11May2026 00:06:24.407] [Worker-Main-2/ERROR] [net.minecraft.Util/]: Invalid path in pack: necromancy:shaders/scent/scentFragment.shader, ignoring
[11May2026 00:06:24.408] [Worker-Main-4/INFO] [net.minecraft.client.gui.font.providers.UnihexProvider/]: Found unifont_jp_patch-15.1.05.hex, loading
[11May2026 00:06:24.421] [Worker-Main-10/WARN] [net.minecraft.client.sounds.SoundManager/]: File minecraft:sounds/nightcrawler/howl.ogg does not exist, cannot add it to event necromancy:nightcrawler.howl
[11May2026 00:06:24.444] [Worker-Main-10/WARN] [net.minecraft.client.sounds.SoundManager/]: File minecraft:sounds/nightcrawler/scream.ogg does not exist, cannot add it to event necromancy:nightcrawler.scream
[11May2026 00:06:24.444] [Worker-Main-10/WARN] [net.minecraft.client.sounds.SoundManager/]: File minecraft:sounds/spawn.ogg does not exist, cannot add it to event necromancy:spawn
[11May2026 00:06:24.444] [Worker-Main-10/WARN] [net.minecraft.client.sounds.SoundManager/]: File minecraft:sounds/tear.ogg does not exist, cannot add it to event necromancy:tear
[11May2026 00:06:24.731] [Worker-Main-6/WARN] [net.minecraft.client.resources.model.ModelBakery/]: Unable to load model: 'necromancy:item/mob_cage_placeholder' referenced from: necromancy:item/mob_cage_placeholder: java.io.FileNotFoundException: necromancy:models/item/mob_cage_placeholder.json
[11May2026 00:06:24.998] [Worker-Main-6/WARN] [net.minecraft.client.resources.model.ModelManager/]: Missing textures in model necromancy:scythe_bone#inventory:
    minecraft:textures/atlas/blocks.png:necromancy:models/scythebone
[11May2026 00:06:24.999] [Worker-Main-6/WARN] [net.minecraft.client.resources.model.ModelManager/]: Missing textures in model necromancy:scythe#inventory:
    minecraft:textures/atlas/blocks.png:necromancy:models/scythe
[11May2026 00:06:24.999] [Worker-Main-6/WARN] [net.minecraft.client.resources.model.ModelManager/]: Missing textures in model necromancy:camel_torso#inventory:
    minecraft:textures/atlas/blocks.png:minecraft:item/cactus
[11May2026 00:06:24.999] [Worker-Main-6/WARN] [net.minecraft.client.resources.model.ModelManager/]: Missing textures in model necromancy:camel_head#inventory:
    minecraft:textures/atlas/blocks.png:minecraft:item/cactus
[11May2026 00:06:24.999] [Worker-Main-6/WARN] [net.minecraft.client.resources.model.ModelManager/]: Missing textures in model necromancy:camel_legs#inventory:
    minecraft:textures/atlas/blocks.png:minecraft:item/cactus
[11May2026 00:06:25.144] [Render thread/WARN] [net.minecraft.client.sounds.SoundEngine/]: Missing sound for event: minecraft:item.goat_horn.play
[11May2026 00:06:25.144] [Render thread/WARN] [net.minecraft.client.sounds.SoundEngine/]: Missing sound for event: minecraft:entity.goat.screaming.horn_break
[11May2026 00:06:25.169] [Render thread/INFO] [com.mojang.blaze3d.audio.Library/]: OpenAL initialized on device Navi 48 HDMI/DP Audio Controller Pro 8
[11May2026 00:06:25.170] [Render thread/INFO] [net.minecraft.client.sounds.SoundEngine/SOUNDS]: Sound engine started
[11May2026 00:06:25.230] [Render thread/INFO] [net.minecraft.client.renderer.texture.TextureAtlas/]: Created: 1024x512x4 minecraft:textures/atlas/blocks.png-atlas
[11May2026 00:06:25.255] [Render thread/INFO] [net.minecraft.client.renderer.texture.TextureAtlas/]: Created: 256x256x4 minecraft:textures/atlas/signs.png-atlas
[11May2026 00:06:25.256] [Render thread/INFO] [net.minecraft.client.renderer.texture.TextureAtlas/]: Created: 512x512x4 minecraft:textures/atlas/shield_patterns.png-atlas
[11May2026 00:06:25.257] [Render thread/INFO] [net.minecraft.client.renderer.texture.TextureAtlas/]: Created: 512x512x4 minecraft:textures/atlas/banner_patterns.png-atlas
[11May2026 00:06:25.258] [Render thread/INFO] [net.minecraft.client.renderer.texture.TextureAtlas/]: Created: 1024x1024x4 minecraft:textures/atlas/armor_trims.png-atlas
[11May2026 00:06:25.265] [Render thread/INFO] [net.minecraft.client.renderer.texture.TextureAtlas/]: Created: 128x64x4 minecraft:textures/atlas/decorated_pot.png-atlas
[11May2026 00:06:25.265] [Render thread/INFO] [net.minecraft.client.renderer.texture.TextureAtlas/]: Created: 256x256x4 minecraft:textures/atlas/chest.png-atlas
[11May2026 00:06:25.265] [Render thread/INFO] [net.minecraft.client.renderer.texture.TextureAtlas/]: Created: 512x256x4 minecraft:textures/atlas/shulker_boxes.png-atlas
[11May2026 00:06:25.266] [Render thread/INFO] [net.minecraft.client.renderer.texture.TextureAtlas/]: Created: 512x256x4 minecraft:textures/atlas/beds.png-atlas
[11May2026 00:06:25.296] [Render thread/INFO] [net.minecraft.client.renderer.texture.TextureAtlas/]: Created: 512x256x0 minecraft:textures/atlas/particles.png-atlas
[11May2026 00:06:25.297] [Render thread/INFO] [net.minecraft.client.renderer.texture.TextureAtlas/]: Created: 512x256x0 minecraft:textures/atlas/paintings.png-atlas
[11May2026 00:06:25.297] [Render thread/INFO] [net.minecraft.client.renderer.texture.TextureAtlas/]: Created: 256x128x0 minecraft:textures/atlas/mob_effects.png-atlas
[11May2026 00:06:25.298] [Render thread/INFO] [net.minecraft.client.renderer.texture.TextureAtlas/]: Created: 64x64x0 minecraft:textures/atlas/map_decorations.png-atlas
[11May2026 00:06:25.298] [Render thread/INFO] [net.minecraft.client.renderer.texture.TextureAtlas/]: Created: 1024x512x0 minecraft:textures/atlas/gui.png-atlas
[11May2026 00:06:25.309] [Render thread/WARN] [net.minecraft.client.renderer.ShaderInstance/]: Shader rendertype_entity_translucent_emissive could not find sampler named Sampler2 in the specified shader program.
[11May2026 00:06:25.343] [Render thread/INFO] [patchouli/]: BookContentResourceListenerLoader preloaded 64 jsons
[11May2026 00:06:25.344] [Render thread/INFO] [net.neoforged.neoforge.client.entity.animation.json.AnimationLoader/]: Loaded 0 entity animations
[11May2026 00:06:25.344] [Render thread/INFO] [net.minecraft.client.renderer.texture.TextureAtlas/]: Created: 256x256x0 jei:textures/atlas/gui.png-atlas
[11May2026 00:06:29.453] [Render thread/ERROR] [net.minecraft.world.item.crafting.RecipeManager/]: Parsing error loading recipe necromancy:grim_codex_book
com.google.gson.JsonParseException: Unknown registry key in ResourceKey[minecraft:root / minecraft:recipe_serializer]: patchouli:shapeless_book_recipe
	at MC-BOOTSTRAP/datafixerupper@8.0.16/com.mojang.serialization.DataResult$Error.getOrThrow(DataResult.java:287) ~[datafixerupper-8.0.16.jar%23107!/:?]
	at TRANSFORMER/minecraft@1.21.1/net.minecraft.world.item.crafting.RecipeManager.apply(RecipeManager.java:60) ~[neoforge-21.1.228.jar%23177!/:?]
	at TRANSFORMER/minecraft@1.21.1/net.minecraft.world.item.crafting.RecipeManager.apply(RecipeManager.java:36) ~[neoforge-21.1.228.jar%23177!/:?]
	at TRANSFORMER/minecraft@1.21.1/net.minecraft.server.packs.resources.SimplePreparableReloadListener.lambda$reload$1(SimplePreparableReloadListener.java:19) ~[neoforge-21.1.228.jar%23177!/:?]
	at java.base/java.util.concurrent.CompletableFuture$UniAccept.tryFire(CompletableFuture.java:718) ~[?:?]
	at java.base/java.util.concurrent.CompletableFuture$Completion.run(CompletableFuture.java:482) ~[?:?]
	at TRANSFORMER/minecraft@1.21.1/net.minecraft.server.packs.resources.SimpleReloadInstance.lambda$new$3(SimpleReloadInstance.java:86) ~[neoforge-21.1.228.jar%23177!/:?]
	at TRANSFORMER/minecraft@1.21.1/net.minecraft.util.thread.BlockableEventLoop.doRunTask(BlockableEventLoop.java:148) ~[neoforge-21.1.228.jar%23177!/:?]
	at TRANSFORMER/minecraft@1.21.1/net.minecraft.util.thread.ReentrantBlockableEventLoop.doRunTask(ReentrantBlockableEventLoop.java:24) ~[neoforge-21.1.228.jar%23177!/:?]
	at TRANSFORMER/minecraft@1.21.1/net.minecraft.util.thread.BlockableEventLoop.pollTask(BlockableEventLoop.java:122) ~[neoforge-21.1.228.jar%23177!/:?]
	at TRANSFORMER/minecraft@1.21.1/net.minecraft.util.thread.BlockableEventLoop.managedBlock(BlockableEventLoop.java:132) ~[neoforge-21.1.228.jar%23177!/:?]
	at TRANSFORMER/minecraft@1.21.1/net.minecraft.client.gui.screens.worldselection.WorldOpenFlows.loadWorldDataBlocking(WorldOpenFlows.java:201) ~[neoforge-21.1.228.jar%23177!/:?]
	at TRANSFORMER/minecraft@1.21.1/net.minecraft.client.gui.screens.worldselection.WorldOpenFlows.loadWorldStem(WorldOpenFlows.java:142) ~[neoforge-21.1.228.jar%23177!/:?]
	at TRANSFORMER/minecraft@1.21.1/net.minecraft.client.gui.screens.worldselection.WorldOpenFlows.openWorldLoadLevelStem(WorldOpenFlows.java:346) ~[neoforge-21.1.228.jar%23177!/:?]
	at TRANSFORMER/minecraft@1.21.1/net.minecraft.client.gui.screens.worldselection.WorldOpenFlows.openWorldCheckVersionCompatibility(WorldOpenFlows.java:335) ~[neoforge-21.1.228.jar%23177!/:?]
	at TRANSFORMER/minecraft@1.21.1/net.minecraft.client.gui.screens.worldselection.WorldOpenFlows.openWorldLoadLevelData(WorldOpenFlows.java:297) ~[neoforge-21.1.228.jar%23177!/:?]
	at TRANSFORMER/minecraft@1.21.1/net.minecraft.client.gui.screens.worldselection.WorldOpenFlows.openWorld(WorldOpenFlows.java:261) ~[neoforge-21.1.228.jar%23177!/:?]
	at TRANSFORMER/minecraft@1.21.1/net.minecraft.client.gui.screens.worldselection.WorldSelectionList$WorldListEntry.joinWorld(WorldSelectionList.java:498) ~[neoforge-21.1.228.jar%23177!/:?]
	at TRANSFORMER/minecraft@1.21.1/net.minecraft.client.gui.screens.worldselection.WorldSelectionList$WorldListEntry.mouseClicked(WorldSelectionList.java:481) ~[neoforge-21.1.228.jar%23177!/:?]
	at TRANSFORMER/minecraft@1.21.1/net.minecraft.client.gui.components.AbstractSelectionList.mouseClicked(AbstractSelectionList.java:303) ~[neoforge-21.1.228.jar%23177!/:?]
	at TRANSFORMER/minecraft@1.21.1/net.minecraft.client.gui.components.events.ContainerEventHandler.mouseClicked(ContainerEventHandler.java:40) ~[neoforge-21.1.228.jar%23177!/:?]
	at TRANSFORMER/minecraft@1.21.1/net.minecraft.client.MouseHandler.lambda$onPress$0(MouseHandler.java:98) ~[neoforge-21.1.228.jar%23177!/:?]
	at TRANSFORMER/minecraft@1.21.1/net.minecraft.client.gui.screens.Screen.wrapScreenError(Screen.java:451) ~[neoforge-21.1.228.jar%23177!/:?]
	at TRANSFORMER/minecraft@1.21.1/net.minecraft.client.MouseHandler.onPress(MouseHandler.java:95) ~[neoforge-21.1.228.jar%23177!/:?]
	at TRANSFORMER/minecraft@1.21.1/net.minecraft.client.MouseHandler.lambda$setup$4(MouseHandler.java:202) ~[neoforge-21.1.228.jar%23177!/:?]
	at TRANSFORMER/minecraft@1.21.1/net.minecraft.util.thread.BlockableEventLoop.execute(BlockableEventLoop.java:98) ~[neoforge-21.1.228.jar%23177!/:?]
	at TRANSFORMER/minecraft@1.21.1/net.minecraft.client.MouseHandler.lambda$setup$5(MouseHandler.java:202) ~[neoforge-21.1.228.jar%23177!/:?]
	at MC-BOOTSTRAP/org.lwjgl.glfw@3.3.3+5/org.lwjgl.glfw.GLFWMouseButtonCallbackI.callback(GLFWMouseButtonCallbackI.java:43) ~[lwjgl-glfw-3.3.3.jar%23160!/:build 5]
	at MC-BOOTSTRAP/org.lwjgl@3.3.3+5/org.lwjgl.system.JNI.invokeV(Native Method) ~[lwjgl-3.3.3.jar%23172!/:build 5]
	at MC-BOOTSTRAP/org.lwjgl.glfw@3.3.3+5/org.lwjgl.glfw.GLFW.glfwWaitEventsTimeout(GLFW.java:3509) ~[lwjgl-glfw-3.3.3.jar%23160!/:build 5]
	at TRANSFORMER/minecraft@1.21.1/com.mojang.blaze3d.systems.RenderSystem.limitDisplayFPS(RenderSystem.java:162) ~[neoforge-21.1.228.jar%23177!/:?]
	at TRANSFORMER/minecraft@1.21.1/net.minecraft.client.Minecraft.runTick(Minecraft.java:1220) ~[neoforge-21.1.228.jar%23177!/:?]
	at TRANSFORMER/minecraft@1.21.1/net.minecraft.client.Minecraft.run(Minecraft.java:807) ~[neoforge-21.1.228.jar%23177!/:?]
	at TRANSFORMER/minecraft@1.21.1/net.minecraft.client.main.Main.main(Main.java:230) ~[neoforge-21.1.228.jar%23177!/:?]
	at java.base/jdk.internal.reflect.DirectMethodHandleAccessor.invoke(DirectMethodHandleAccessor.java:103) ~[?:?]
	at java.base/java.lang.reflect.Method.invoke(Method.java:580) ~[?:?]
	at MC-BOOTSTRAP/fml_loader@4.0.42/net.neoforged.fml.loading.targets.CommonLaunchHandler.runTarget(CommonLaunchHandler.java:136) ~[loader-4.0.42.jar%23134!/:4.0]
	at MC-BOOTSTRAP/fml_loader@4.0.42/net.neoforged.fml.loading.targets.CommonLaunchHandler.clientService(CommonLaunchHandler.java:124) ~[loader-4.0.42.jar%23134!/:4.0]
	at MC-BOOTSTRAP/fml_loader@4.0.42/net.neoforged.fml.loading.targets.NeoForgeClientDevLaunchHandler.runService(NeoForgeClientDevLaunchHandler.java:23) ~[loader-4.0.42.jar%23134!/:4.0]
	at MC-BOOTSTRAP/fml_loader@4.0.42/net.neoforged.fml.loading.targets.CommonLaunchHandler.lambda$launchService$4(CommonLaunchHandler.java:118) ~[loader-4.0.42.jar%23134!/:4.0]
	at MC-BOOTSTRAP/cpw.mods.modlauncher@11.0.5/cpw.mods.modlauncher.LaunchServiceHandlerDecorator.launch(LaunchServiceHandlerDecorator.java:30) [modlauncher-11.0.5.jar%23114!/:?]
	at MC-BOOTSTRAP/cpw.mods.modlauncher@11.0.5/cpw.mods.modlauncher.LaunchServiceHandler.launch(LaunchServiceHandler.java:53) [modlauncher-11.0.5.jar%23114!/:?]
	at MC-BOOTSTRAP/cpw.mods.modlauncher@11.0.5/cpw.mods.modlauncher.LaunchServiceHandler.launch(LaunchServiceHandler.java:71) [modlauncher-11.0.5.jar%23114!/:?]
	at MC-BOOTSTRAP/cpw.mods.modlauncher@11.0.5/cpw.mods.modlauncher.Launcher.run(Launcher.java:103) [modlauncher-11.0.5.jar%23114!/:?]
	at MC-BOOTSTRAP/cpw.mods.modlauncher@11.0.5/cpw.mods.modlauncher.Launcher.main(Launcher.java:74) [modlauncher-11.0.5.jar%23114!/:?]
	at MC-BOOTSTRAP/cpw.mods.modlauncher@11.0.5/cpw.mods.modlauncher.BootstrapLaunchConsumer.accept(BootstrapLaunchConsumer.java:26) [modlauncher-11.0.5.jar%23114!/:?]
	at MC-BOOTSTRAP/cpw.mods.modlauncher@11.0.5/cpw.mods.modlauncher.BootstrapLaunchConsumer.accept(BootstrapLaunchConsumer.java:23) [modlauncher-11.0.5.jar%23114!/:?]
	at cpw.mods.bootstraplauncher@2.0.2/cpw.mods.bootstraplauncher.BootstrapLauncher.run(BootstrapLauncher.java:210) [bootstraplauncher-2.0.2.jar:?]
	at cpw.mods.bootstraplauncher@2.0.2/cpw.mods.bootstraplauncher.BootstrapLauncher.main(BootstrapLauncher.java:69) [bootstraplauncher-2.0.2.jar:?]
	at java.base/jdk.internal.reflect.DirectMethodHandleAccessor.invoke(DirectMethodHandleAccessor.java:103) ~[?:?]
	at java.base/java.lang.reflect.Method.invoke(Method.java:580) ~[?:?]
	at net.neoforged.devlaunch.Main.main(Main.java:57) [DevLaunch-1.0.2.jar:?]
[11May2026 00:06:29.464] [Render thread/INFO] [net.minecraft.world.item.crafting.RecipeManager/]: Loaded 1299 recipes
[11May2026 00:06:29.533] [Render thread/INFO] [net.minecraft.advancements.AdvancementTree/]: Loaded 1399 advancements
[11May2026 00:06:29.825] [Server thread/INFO] [net.minecraft.client.server.IntegratedServer/]: Starting integrated minecraft server version 1.21.1
[11May2026 00:06:29.825] [Server thread/INFO] [net.minecraft.server.MinecraftServer/]: Generating keypair
[11May2026 00:06:30.322] [Server thread/INFO] [net.minecraft.server.MinecraftServer/]: Preparing start region for dimension minecraft:overworld
[11May2026 00:06:30.451] [progressListener/INFO] [net.minecraft.server.level.progress.LoggerChunkProgressListener/]: Preparing spawn area: 0%
[11May2026 00:06:30.497] [Server thread/INFO] [net.neoforged.neoforge.server.permission.PermissionAPI/]: Successfully initialized permission handler neoforge:default_handler
[11May2026 00:06:30.498] [Server thread/INFO] [patchouli/]: Sending reload packet to clients
[11May2026 00:06:30.506] [progressListener/INFO] [net.minecraft.server.level.progress.LoggerChunkProgressListener/]: Time elapsed: 177 ms
[11May2026 00:06:30.538] [Server thread/INFO] [net.minecraft.client.server.IntegratedServer/]: Changing view distance to 12, from 10
[11May2026 00:06:30.538] [Server thread/INFO] [net.minecraft.client.server.IntegratedServer/]: Changing simulation distance to 12, from 0
[11May2026 00:06:30.823] [Server thread/INFO] [net.minecraft.server.players.PlayerList/]: NecromancyDev[local:E:7ffa8d1d] logged in with entity id 61 at (-144.3678869894213, 69.25670037524742, 56.57674858904404)
[11May2026 00:06:30.850] [Server thread/INFO] [net.minecraft.server.MinecraftServer/]: NecromancyDev joined the game
[11May2026 00:06:31.105] [Render thread/INFO] [mezz.jei.core.util.LoggedTimer/]: Starting JEI...
[11May2026 00:06:31.108] [Render thread/INFO] [mezz.jei.library.load.PluginCaller/]: Registering item subtypes...
[11May2026 00:06:31.111] [Render thread/INFO] [mezz.jei.library.load.PluginCaller/]: Registering item subtypes took 2.157 milliseconds
[11May2026 00:06:31.111] [Render thread/INFO] [mezz.jei.library.load.PluginCaller/]: Registering fluid subtypes...
[11May2026 00:06:31.112] [Render thread/INFO] [mezz.jei.library.load.PluginCaller/]: Registering fluid subtypes took 903.7 microseconds
[11May2026 00:06:31.113] [Render thread/INFO] [mezz.jei.library.load.PluginCaller/]: Registering ingredients...
[11May2026 00:06:31.183] [Render thread/INFO] [mezz.jei.library.load.PluginCallerTimerRunnable/]: Registering ingredients: jei:minecraft took 69.97 milliseconds
[11May2026 00:06:31.184] [Render thread/INFO] [mezz.jei.library.load.PluginCaller/]: Registering ingredients took 71.15 milliseconds
[11May2026 00:06:31.184] [Render thread/INFO] [mezz.jei.library.load.PluginCaller/]: Registering extra ingredients...
[11May2026 00:06:31.185] [Render thread/INFO] [mezz.jei.library.load.PluginCaller/]: Registering extra ingredients took 340.6 microseconds
[11May2026 00:06:31.185] [Render thread/INFO] [mezz.jei.library.load.PluginCaller/]: Registering search ingredient aliases...
[11May2026 00:06:31.185] [Render thread/INFO] [mezz.jei.library.load.PluginCaller/]: Registering search ingredient aliases took 595.4 microseconds
[11May2026 00:06:31.193] [Render thread/INFO] [mezz.jei.library.load.PluginCaller/]: Registering Mod Info...
[11May2026 00:06:31.194] [Render thread/INFO] [mezz.jei.library.load.PluginCaller/]: Registering Mod Info took 718.2 microseconds
[11May2026 00:06:31.209] [Render thread/INFO] [mezz.jei.library.load.PluginCaller/]: Registering categories...
[11May2026 00:06:31.223] [Render thread/INFO] [mezz.jei.library.load.PluginCaller/]: Registering categories took 13.20 milliseconds
[11May2026 00:06:31.223] [Render thread/INFO] [mezz.jei.library.load.PluginCaller/]: Registering vanilla category extensions...
[11May2026 00:06:31.224] [Render thread/INFO] [mezz.jei.library.load.PluginCaller/]: Registering vanilla category extensions took 1.313 milliseconds
[11May2026 00:06:31.225] [Render thread/INFO] [mezz.jei.library.load.PluginCaller/]: Registering recipe catalysts...
[11May2026 00:06:31.225] [Render thread/INFO] [mezz.jei.library.load.PluginCaller/]: Registering recipe catalysts took 567.8 microseconds
[11May2026 00:06:31.226] [Render thread/INFO] [mezz.jei.core.util.LoggedTimer/]: Building recipe registry...
[11May2026 00:06:31.251] [Render thread/INFO] [mezz.jei.core.util.LoggedTimer/]: Building recipe registry took 24.87 milliseconds
[11May2026 00:06:31.251] [Render thread/INFO] [mezz.jei.library.load.PluginCaller/]: Registering advanced plugins...
[11May2026 00:06:31.252] [Render thread/INFO] [mezz.jei.library.load.PluginCaller/]: Registering advanced plugins took 695.0 microseconds
[11May2026 00:06:31.253] [Render thread/INFO] [mezz.jei.library.load.PluginCaller/]: Registering recipes...
[11May2026 00:06:31.366] [Render thread/INFO] [mezz.jei.library.load.PluginCallerTimerRunnable/]: Registering recipes: jei:minecraft took 113.0 milliseconds
[11May2026 00:06:31.385] [Render thread/INFO] [mezz.jei.library.load.PluginCallerTimerRunnable/]: Registering recipes: jei:internal took 16.87 milliseconds
[11May2026 00:06:31.386] [Render thread/INFO] [mezz.jei.library.load.PluginCaller/]: Registering recipes took 132.9 milliseconds
[11May2026 00:06:31.390] [Render thread/INFO] [mezz.jei.library.load.PluginCaller/]: Registering recipes transfer handlers...
[11May2026 00:06:31.392] [Render thread/INFO] [mezz.jei.library.load.PluginCaller/]: Registering recipes transfer handlers took 2.019 milliseconds
[11May2026 00:06:31.398] [Render thread/INFO] [mezz.jei.core.util.LoggedTimer/]: Building runtime...
[11May2026 00:06:31.401] [Render thread/INFO] [mezz.jei.library.load.PluginCaller/]: Registering gui handlers...
[11May2026 00:06:31.405] [Render thread/INFO] [mezz.jei.library.load.PluginCaller/]: Registering gui handlers took 3.353 milliseconds
[11May2026 00:06:31.406] [Render thread/INFO] [mezz.jei.library.load.PluginCaller/]: Registering Runtime...
[11May2026 00:06:31.407] [Render thread/INFO] [mezz.jei.gui.startup.JeiGuiStarter/]: Starting JEI GUI
[11May2026 00:06:31.408] [Render thread/INFO] [mezz.jei.core.util.LoggedTimer/]: Building ingredient list...
[11May2026 00:06:31.421] [Render thread/INFO] [mezz.jei.core.util.LoggedTimer/]: Building ingredient list took 13.27 milliseconds
[11May2026 00:06:31.421] [Render thread/INFO] [mezz.jei.core.util.LoggedTimer/]: Building ingredient filter...
[11May2026 00:06:31.438] [Render thread/INFO] [mezz.jei.gui.ingredients.IngredientFilter/]: Adding 1802 ingredients
[11May2026 00:06:31.551] [Render thread/INFO] [mezz.jei.gui.ingredients.IngredientFilter/]: Added 1802 ingredients
[11May2026 00:06:31.551] [Render thread/INFO] [mezz.jei.core.util.LoggedTimer/]: Building ingredient filter took 130.0 milliseconds
[11May2026 00:06:31.596] [Render thread/INFO] [mezz.jei.library.load.PluginCallerTimerRunnable/]: Registering Runtime: jei:neoforge_gui took 189.6 milliseconds
[11May2026 00:06:31.596] [Render thread/INFO] [mezz.jei.library.load.PluginCaller/]: Registering Runtime took 190.2 milliseconds
[11May2026 00:06:31.597] [Render thread/INFO] [mezz.jei.core.util.LoggedTimer/]: Building runtime took 198.5 milliseconds
[11May2026 00:06:31.597] [Render thread/INFO] [mezz.jei.library.load.PluginCaller/]: Sending Runtime...
[11May2026 00:06:31.597] [Render thread/INFO] [mezz.jei.library.load.PluginCaller/]: Sending Runtime took 345.6 microseconds
[11May2026 00:06:31.597] [Render thread/INFO] [mezz.jei.core.util.LoggedTimer/]: Starting JEI took 492.0 milliseconds
[11May2026 00:06:31.610] [Render thread/INFO] [net.minecraft.advancements.AdvancementTree/]: Loaded 113 advancements
[11May2026 00:06:31.613] [Render thread/INFO] [patchouli/]: BookContentResourceListenerLoader: Files found in 211.9 μs
[11May2026 00:06:31.616] [Render thread/INFO] [patchouli/]: BookContentResourceListenerLoader: Files found in 130.1 μs
[11May2026 00:06:31.629] [Render thread/INFO] [patchouli/]: BookContentResourceListenerLoader: Files found in 114.6 μs
[11May2026 00:06:35.619] [Server thread/INFO] [net.minecraft.server.MinecraftServer/]: [NecromancyDev: Killed 2 entities]
[11May2026 00:06:35.633] [Render thread/INFO] [net.minecraft.client.gui.components.ChatComponent/]: [System] [CHAT] Killed 2 entities
[11May2026 00:06:42.524] [Render thread/INFO] [net.minecraft.client.gui.components.ChatComponent/]: [System] [CHAT] No entity was found
[11May2026 00:06:50.054] [Server thread/INFO] [net.minecraft.client.server.IntegratedServer/]: Saving and pausing game...
[11May2026 00:06:50.085] [Server thread/INFO] [net.minecraft.server.MinecraftServer/]: Saving chunks for level 'ServerLevel[New World]'/minecraft:overworld
[11May2026 00:06:50.094] [Server thread/INFO] [net.minecraft.server.MinecraftServer/]: Saving chunks for level 'ServerLevel[New World]'/minecraft:the_nether
[11May2026 00:06:50.094] [Server thread/INFO] [net.minecraft.server.MinecraftServer/]: Saving chunks for level 'ServerLevel[New World]'/minecraft:the_end
[11May2026 00:09:07.769] [Render thread/INFO] [net.minecraft.client.Minecraft/]: Stopping!
[11May2026 00:09:07.771] [Render thread/INFO] [mezz.jei.library.startup.JeiStarter/]: Stopping JEI
[11May2026 00:09:07.771] [Render thread/INFO] [mezz.jei.library.load.PluginCaller/]: Sending Runtime Unavailable...
[11May2026 00:09:07.771] [Render thread/INFO] [mezz.jei.neoforge.plugins.neoforge.NeoForgeGuiPlugin/]: Stopping JEI GUI
[11May2026 00:09:07.773] [Render thread/INFO] [mezz.jei.library.load.PluginCaller/]: Sending Runtime Unavailable took 1.788 milliseconds
[11May2026 00:09:07.814] [Server thread/INFO] [net.minecraft.server.network.ServerGamePacketListenerImpl/]: NecromancyDev lost connection: Disconnected
[11May2026 00:09:07.814] [Server thread/INFO] [net.minecraft.server.MinecraftServer/]: NecromancyDev left the game
[11May2026 00:09:07.843] [Server thread/INFO] [net.minecraft.server.network.ServerCommonPacketListenerImpl/]: Stopping singleplayer server as player logged out
[11May2026 00:09:07.857] [Server thread/INFO] [net.minecraft.server.MinecraftServer/]: Stopping server
[11May2026 00:09:07.857] [Server thread/INFO] [net.minecraft.server.MinecraftServer/]: Saving players
[11May2026 00:09:07.857] [Server thread/INFO] [net.minecraft.server.MinecraftServer/]: Saving worlds
[11May2026 00:09:07.910] [Server thread/INFO] [net.minecraft.server.MinecraftServer/]: Saving chunks for level 'ServerLevel[New World]'/minecraft:overworld
[11May2026 00:09:07.944] [Server thread/INFO] [net.minecraft.server.MinecraftServer/]: Saving chunks for level 'ServerLevel[New World]'/minecraft:the_nether
[11May2026 00:09:07.950] [Server thread/INFO] [net.minecraft.server.MinecraftServer/]: Saving chunks for level 'ServerLevel[New World]'/minecraft:the_end
[11May2026 00:09:07.969] [Server thread/INFO] [net.minecraft.server.MinecraftServer/]: ThreadedAnvilChunkStorage (New World): All chunks are saved
[11May2026 00:09:07.969] [Server thread/INFO] [net.minecraft.server.MinecraftServer/]: ThreadedAnvilChunkStorage (DIM-1): All chunks are saved
[11May2026 00:09:07.969] [Server thread/INFO] [net.minecraft.server.MinecraftServer/]: ThreadedAnvilChunkStorage (DIM1): All chunks are saved
[11May2026 00:09:07.969] [Server thread/INFO] [net.minecraft.server.MinecraftServer/]: ThreadedAnvilChunkStorage: All dimensions are saved
